{"/Users/dankeefe/Documents/projects/fe-test-example/scripts/functions.js": {"path":"/Users/dankeefe/Documents/projects/fe-test-example/scripts/functions.js","statementMap":{"0":{"start":{"line":2,"column":15},"end":{"line":2,"column":47}},"1":{"start":{"line":3,"column":4},"end":{"line":3,"column":55}},"2":{"start":{"line":7,"column":4},"end":{"line":7,"column":27}},"3":{"start":{"line":11,"column":4},"end":{"line":11,"column":26}},"4":{"start":{"line":15,"column":4},"end":{"line":17,"column":5}},"5":{"start":{"line":16,"column":8},"end":{"line":16,"column":32}},"6":{"start":{"line":18,"column":17},"end":{"line":18,"column":45}},"7":{"start":{"line":19,"column":14},"end":{"line":19,"column":44}},"8":{"start":{"line":20,"column":4},"end":{"line":20,"column":29}},"9":{"start":{"line":21,"column":4},"end":{"line":21,"column":18}},"10":{"start":{"line":22,"column":14},"end":{"line":22,"column":44}},"11":{"start":{"line":23,"column":4},"end":{"line":23,"column":32}},"12":{"start":{"line":24,"column":4},"end":{"line":24,"column":23}},"13":{"start":{"line":25,"column":4},"end":{"line":25,"column":16}},"14":{"start":{"line":29,"column":4},"end":{"line":37,"column":40}},"15":{"start":{"line":30,"column":21},"end":{"line":30,"column":31}},"16":{"start":{"line":32,"column":12},"end":{"line":35,"column":14}},"17":{"start":{"line":33,"column":26},"end":{"line":33,"column":46}},"18":{"start":{"line":34,"column":16},"end":{"line":34,"column":63}},"19":{"start":{"line":37,"column":22},"end":{"line":37,"column":38}},"20":{"start":{"line":40,"column":0},"end":{"line":47,"column":1}},"21":{"start":{"line":41,"column":4},"end":{"line":46,"column":6}}},"fnMap":{"0":{"name":"incrementCountDiv","decl":{"start":{"line":1,"column":9},"end":{"line":1,"column":26}},"loc":{"start":{"line":1,"column":30},"end":{"line":4,"column":1}},"line":1},"1":{"name":"annoyingPopUp","decl":{"start":{"line":6,"column":9},"end":{"line":6,"column":22}},"loc":{"start":{"line":6,"column":26},"end":{"line":8,"column":1}},"line":6},"2":{"name":"whisper","decl":{"start":{"line":10,"column":9},"end":{"line":10,"column":16}},"loc":{"start":{"line":10,"column":20},"end":{"line":12,"column":1}},"line":10},"3":{"name":"createBeerElement","decl":{"start":{"line":14,"column":9},"end":{"line":14,"column":26}},"loc":{"start":{"line":14,"column":33},"end":{"line":26,"column":1}},"line":14},"4":{"name":"collect","decl":{"start":{"line":28,"column":9},"end":{"line":28,"column":16}},"loc":{"start":{"line":28,"column":19},"end":{"line":38,"column":1}},"line":28},"5":{"name":"(anonymous_5)","decl":{"start":{"line":30,"column":14},"end":{"line":30,"column":15}},"loc":{"start":{"line":30,"column":21},"end":{"line":30,"column":31}},"line":30},"6":{"name":"(anonymous_6)","decl":{"start":{"line":31,"column":14},"end":{"line":31,"column":15}},"loc":{"start":{"line":31,"column":22},"end":{"line":36,"column":9}},"line":31},"7":{"name":"(anonymous_7)","decl":{"start":{"line":32,"column":25},"end":{"line":32,"column":26}},"loc":{"start":{"line":32,"column":30},"end":{"line":35,"column":13}},"line":32},"8":{"name":"(anonymous_8)","decl":{"start":{"line":37,"column":15},"end":{"line":37,"column":16}},"loc":{"start":{"line":37,"column":22},"end":{"line":37,"column":38}},"line":37}},"branchMap":{"0":{"loc":{"start":{"line":15,"column":4},"end":{"line":17,"column":5}},"type":"if","locations":[{"start":{"line":15,"column":4},"end":{"line":17,"column":5}},{"start":{},"end":{}}],"line":15},"1":{"loc":{"start":{"line":40,"column":0},"end":{"line":47,"column":1}},"type":"if","locations":[{"start":{"line":40,"column":0},"end":{"line":47,"column":1}},{"start":{},"end":{}}],"line":40}},"s":{"0":1,"1":1,"2":2,"3":0,"4":2,"5":1,"6":1,"7":1,"8":1,"9":1,"10":1,"11":1,"12":1,"13":1,"14":1,"15":1,"16":1,"17":0,"18":0,"19":0,"20":1,"21":1},"f":{"0":1,"1":2,"2":0,"3":2,"4":1,"5":1,"6":1,"7":0,"8":0},"b":{"0":[1,1],"1":[1,0]},"_coverageSchema":"1a1c01bbd47fc00a2c39e90264f33305004495a9","hash":"ae3649b9f374ae7630418824098cc24892288a8d"}
}
