TN:
SF:scripts/functions.js
FN:1,incrementCountDiv
FN:6,annoyingPopUp
FN:10,whisper
FN:14,createBeerElement
FN:28,collect
FN:30,(anonymous_5)
FN:31,(anonymous_6)
FN:32,(anonymous_7)
FN:37,(anonymous_8)
FNF:9
FNH:6
FNDA:1,incrementCountDiv
FNDA:2,annoyingPopUp
FNDA:0,whisper
FNDA:2,createBeerElement
FNDA:1,collect
FNDA:1,(anonymous_5)
FNDA:1,(anonymous_6)
FNDA:0,(anonymous_7)
FNDA:0,(anonymous_8)
DA:2,1
DA:3,1
DA:7,2
DA:11,0
DA:15,2
DA:16,1
DA:18,1
DA:19,1
DA:20,1
DA:21,1
DA:22,1
DA:23,1
DA:24,1
DA:25,1
DA:29,1
DA:30,1
DA:32,1
DA:33,0
DA:34,0
DA:37,0
DA:40,1
DA:41,1
LF:22
LH:18
BRDA:15,0,0,1
BRDA:15,0,1,1
BRDA:40,1,0,1
BRDA:40,1,1,0
BRF:4
BRH:3
end_of_record
